<?xml version="1.0" encoding="UTF-8"?>
<!-- Generated by org.testng.reporters.JUnitReportReporter -->
<testsuite hostname="DESKTOP-L9JMAV8" failures="0" tests="6" name="Login.Mytestcase" time="٧.٩٢٥" errors="0" timestamp="٢٠٢٥-٠٧-٠١T١٣:٤٩:١٤ EET" skipped="0">
  <testcase classname="Login.Mytestcase" name="login" time="٠.٢٢٩"/>
  <testcase classname="Login.Mytestcase" name="addToCart" time="٢.٠٩٠"/>
  <testcase classname="Login.Mytestcase" name="removeFromCart" time="٢.٠٨٦"/>
  <testcase classname="Login.Mytestcase" name="addToCartAfterTheRemove" time="٢.٠٨٠"/>
  <testcase classname="Login.Mytestcase" name="CheckoutProcess" time="٠.٣٢٠"/>
  <testcase classname="Login.Mytestcase" name="logout" time="١.١٢٠"/>
</testsuite> <!-- Login.Mytestcase -->
