<?xml version="1.0" encoding="UTF-8"?>
<!-- Generated by org.testng.reporters.JUnitReportReporter -->
<testsuite hostname="DESKTOP-L9JMAV8" failures="0" tests="6" name="Login.MyTestCases" time="٧.٩٨٦" errors="0" timestamp="٢٠٢٥-٠٧-٠١T١٣:٤٥:٤١ EET" skipped="0">
  <testcase classname="Login.MyTestCases" name="login" time="٠.٢٥٦"/>
  <testcase classname="Login.MyTestCases" name="addToCart" time="٢.١٢٣"/>
  <testcase classname="Login.MyTestCases" name="removeFromCart" time="٢.٠٨٨"/>
  <testcase classname="Login.MyTestCases" name="addToCartAfterTheRemove" time="٢.٠٧٥"/>
  <testcase classname="Login.MyTestCases" name="CheckoutProcess" time="٠.٣٢٩"/>
  <testcase classname="Login.MyTestCases" name="logout" time="١.١١٥"/>
</testsuite> <!-- Login.MyTestCases -->
