<?xml version="1.0" encoding="UTF-8"?>
<!-- Generated by org.testng.reporters.JUnitReportReporter -->
<testsuite hostname="DESKTOP-L9JMAV8" failures="0" tests="6" name="Login.Mytestcase" time="٧.٩١٧" errors="0" timestamp="٢٠٢٥-٠٧-٠١T١٤:٣٩:٥٠ EET" skipped="0">
  <testcase classname="Login.Mytestcase" name="login" time="٠.٢١٥"/>
  <testcase classname="Login.Mytestcase" name="addToCart" time="٢.١١٣"/>
  <testcase classname="Login.Mytestcase" name="removeFromCart" time="٢.٠٨٨"/>
  <testcase classname="Login.Mytestcase" name="addToCartAfterTheRemove" time="٢.١٠٣"/>
  <testcase classname="Login.Mytestcase" name="CheckoutProcess" time="٠.٢٩٨"/>
  <testcase classname="Login.Mytestcase" name="logout" time="١.١٠٠"/>
</testsuite> <!-- Login.Mytestcase -->
